#
# A fatal error has been detected by the Java Runtime Environment:
#
#  Internal Error (vmThread.cpp:658), pid=3468, tid=0x0000000000003ba8
#  fatal error: Nested VM operation CollectForMetadataAllocation requested by operation ChangeBreakpoints
#
# JRE version: Java(TM) SE Runtime Environment (8.0_141-b15) (build 1.8.0_141-b15)
# Java VM: Java HotSpot(TM) 64-Bit Server VM (25.141-b15 mixed mode windows-amd64 compressed oops)
# Failed to write core dump. Minidumps are not enabled by default on client versions of Windows
#
# If you would like to submit a bug report, please visit:
#   http://bugreport.java.com/bugreport/crash.jsp
#

---------------  T H R E A D  ---------------

Current thread (0x0000000017527800):  VMThread [stack: 0x00000000184a0000,0x00000000185a0000] [id=15272]

Stack: [0x00000000184a0000,0x00000000185a0000]
[error occurred during error reporting (printing stack bounds), id 0xc0000005]

Native frames: (J=compiled Java code, j=interpreted, Vv=VM code, C=native code)

VM_Operation (0x0000000018b8f5b0): ChangeBreakpoints, mode: safepoint, requested by thread 0x000000001757f800


---------------  P R O C E S S  ---------------

Java Threads: ( => current thread )
  0x000000001cf18800 JavaThread "Exec Stream Pumper" daemon [_thread_in_native, id=12728, stack(0x000000001ec00000,0x000000001ed00000)]
  0x000000001cf18000 JavaThread "Exec Stream Pumper" daemon [_thread_in_native, id=10436, stack(0x000000001e890000,0x000000001e990000)]
  0x000000001cf16800 JavaThread "Exec Default Executor" daemon [_thread_in_native, id=12920, stack(0x000000001c240000,0x000000001c340000)]
  0x0000000019ec4000 JavaThread "ReaderThread" [_thread_in_native, id=14472, stack(0x000000001ae60000,0x000000001af60000)]
  0x0000000019108000 JavaThread "Service Thread" daemon [_thread_blocked, id=3860, stack(0x0000000019490000,0x0000000019590000)]
  0x000000001759d000 JavaThread "C1 CompilerThread2" daemon [_thread_blocked, id=6848, stack(0x0000000018f90000,0x0000000019090000)]
  0x0000000017597800 JavaThread "C2 CompilerThread1" daemon [_thread_blocked, id=8868, stack(0x0000000018e90000,0x0000000018f90000)]
  0x0000000017595800 JavaThread "C2 CompilerThread0" daemon [_thread_blocked, id=8492, stack(0x0000000018d90000,0x0000000018e90000)]
  0x0000000017586800 JavaThread "JDWP Command Reader" daemon [_thread_in_native, id=5752, stack(0x0000000018c90000,0x0000000018d90000)]
  0x0000000017584000 JavaThread "JDWP Event Helper Thread" daemon [_thread_blocked, id=14800, stack(0x0000000018b90000,0x0000000018c90000)]
  0x000000001757f800 JavaThread "JDWP Transport Listener: dt_socket" daemon [_thread_blocked, id=13572, stack(0x0000000018a90000,0x0000000018b90000)]
  0x0000000017569800 JavaThread "Attach Listener" daemon [_thread_blocked, id=8304, stack(0x0000000018990000,0x0000000018a90000)]
  0x0000000017568000 JavaThread "Signal Dispatcher" daemon [_thread_blocked, id=14828, stack(0x0000000018890000,0x0000000018990000)]
  0x0000000017550000 JavaThread "Finalizer" daemon [_thread_blocked, id=8764, stack(0x00000000186a0000,0x00000000187a0000)]
  0x0000000017529000 JavaThread "Reference Handler" daemon [_thread_blocked, id=12648, stack(0x00000000185a0000,0x00000000186a0000)]
  0x0000000000959800 JavaThread "main" [_thread_blocked, id=12940, stack(0x0000000002900000,0x0000000002a00000)]

Other Threads:
=>0x0000000017527800 VMThread [stack: 0x00000000184a0000,0x00000000185a0000] [id=15272]
  0x0000000019186000 WatcherThread [stack: 0x0000000019590000,0x0000000019690000] [id=6724]

VM state:at safepoint (normal execution)

VM Mutex/Monitor currently owned by a thread:  ([mutex/lock_event])
[0x00000000009562d0] Threads_lock - owner thread: 0x0000000017527800

Heap:
 PSYoungGen      total 42496K, used 33823K [0x00000000d5d00000, 0x00000000d9500000, 0x0000000100000000)
  eden space 30720K, 72% used [0x00000000d5d00000,0x00000000d72d5120,0x00000000d7b00000)
  from space 11776K, 97% used [0x00000000d7b80000,0x00000000d86b2bd0,0x00000000d8700000)
  to   space 13312K, 0% used [0x00000000d8800000,0x00000000d8800000,0x00000000d9500000)
 ParOldGen       total 87552K, used 16932K [0x0000000081600000, 0x0000000086b80000, 0x00000000d5d00000)
  object space 87552K, 19% used [0x0000000081600000,0x0000000082689240,0x0000000086b80000)
 Metaspace       used 20609K, capacity 21214K, committed 21296K, reserved 1067008K
  class space    used 2835K, capacity 3037K, committed 3072K, reserved 1048576K

Card table byte_map: [0x0000000011dc0000,0x00000000121c0000] byte_map_base: 0x00000000119b5000

Marking Bits: (ParMarkBitMap*) 0x000000006e34d850
 Begin Bits: [0x0000000012870000, 0x0000000014818000)
 End Bits:   [0x0000000014818000, 0x00000000167c0000)

Polling page: 0x0000000000820000

CodeCache: size=245760Kb used=6357Kb max_used=7059Kb free=239402Kb
 bounds [0x0000000002a00000, 0x00000000030f0000, 0x0000000011a00000]
 total_blobs=2301 nmethods=1896 adapters=325
 compilation: enabled

Compilation events (10 events):
Event: 497.375 Thread 0x0000000017595800 2114       4       com.google.common.base.CharMatcher$JavaIsoControl::matches (25 bytes)
Event: 497.375 Thread 0x0000000017597800 2115       4       com.google.common.base.CharMatcher$IsNot::matches (14 bytes)
Event: 497.376 Thread 0x0000000017597800 nmethod 2115 0x0000000002c75590 code [0x0000000002c756c0, 0x0000000002c75758]
Event: 497.376 Thread 0x0000000017595800 nmethod 2114 0x0000000002d1b890 code [0x0000000002d1b9c0, 0x0000000002d1ba58]
Event: 497.377 Thread 0x000000001759d000 2116       3       java.util.Comparator$$Lambda$144/555943503::compare (10 bytes)
Event: 497.377 Thread 0x000000001759d000 nmethod 2116 0x0000000002b1b650 code [0x0000000002b1b7e0, 0x0000000002b1bd08]
Event: 497.377 Thread 0x000000001759d000 2117       3       java.util.Comparator::lambda$comparing$77a9974f$1 (23 bytes)
Event: 497.377 Thread 0x000000001759d000 nmethod 2117 0x0000000002b85e90 code [0x0000000002b86020, 0x0000000002b864c8]
Event: 497.377 Thread 0x000000001759d000 2118       1       java.util.TreeMap$Entry::getValue (5 bytes)
Event: 497.378 Thread 0x000000001759d000 nmethod 2118 0x0000000002e41a10 code [0x0000000002e41b60, 0x0000000002e41c70]

GC Heap History (10 events):
Event: 23.263 GC heap before
{Heap before GC invocations=5 (full 0):
 PSYoungGen      total 38400K, used 38032K [0x00000000d5d00000, 0x00000000d8780000, 0x0000000100000000)
  eden space 33280K, 98% used [0x00000000d5d00000,0x00000000d7d28158,0x00000000d7d80000)
  from space 5120K, 99% used [0x00000000d8280000,0x00000000d877c208,0x00000000d8780000)
  to   space 5120K, 0% used [0x00000000d7d80000,0x00000000d7d80000,0x00000000d8280000)
 ParOldGen       total 87552K, used 9626K [0x0000000081600000, 0x0000000086b80000, 0x00000000d5d00000)
  object space 87552K, 10% used [0x0000000081600000,0x0000000081f66bf8,0x0000000086b80000)
 Metaspace       used 20002K, capacity 20544K, committed 20736K, reserved 1067008K
  class space    used 2788K, capacity 2978K, committed 3072K, reserved 1048576K
Event: 23.267 GC heap after
Heap after GC invocations=5 (full 0):
 PSYoungGen      total 37888K, used 4208K [0x00000000d5d00000, 0x00000000d9200000, 0x0000000100000000)
  eden space 32768K, 0% used [0x00000000d5d00000,0x00000000d5d00000,0x00000000d7d00000)
  from space 5120K, 82% used [0x00000000d7d80000,0x00000000d819c218,0x00000000d8280000)
  to   space 10752K, 0% used [0x00000000d8780000,0x00000000d8780000,0x00000000d9200000)
 ParOldGen       total 87552K, used 12801K [0x0000000081600000, 0x0000000086b80000, 0x00000000d5d00000)
  object space 87552K, 14% used [0x0000000081600000,0x0000000082280688,0x0000000086b80000)
 Metaspace       used 20002K, capacity 20544K, committed 20736K, reserved 1067008K
  class space    used 2788K, capacity 2978K, committed 3072K, reserved 1048576K
}
Event: 25.460 GC heap before
{Heap before GC invocations=6 (full 0):
 PSYoungGen      total 37888K, used 36541K [0x00000000d5d00000, 0x00000000d9200000, 0x0000000100000000)
  eden space 32768K, 98% used [0x00000000d5d00000,0x00000000d7c93480,0x00000000d7d00000)
  from space 5120K, 82% used [0x00000000d7d80000,0x00000000d819c218,0x00000000d8280000)
  to   space 10752K, 0% used [0x00000000d8780000,0x00000000d8780000,0x00000000d9200000)
 ParOldGen       total 87552K, used 12801K [0x0000000081600000, 0x0000000086b80000, 0x00000000d5d00000)
  object space 87552K, 14% used [0x0000000081600000,0x0000000082280688,0x0000000086b80000)
 Metaspace       used 20105K, capacity 20682K, committed 20992K, reserved 1067008K
  class space    used 2794K, capacity 2979K, committed 3072K, reserved 1048576K
Event: 25.465 GC heap after
Heap after GC invocations=6 (full 0):
 PSYoungGen      total 43008K, used 8123K [0x00000000d5d00000, 0x00000000d9280000, 0x0000000100000000)
  eden space 32256K, 0% used [0x00000000d5d00000,0x00000000d5d00000,0x00000000d7c80000)
  from space 10752K, 75% used [0x00000000d8780000,0x00000000d8f6efb0,0x00000000d9200000)
  to   space 11264K, 0% used [0x00000000d7c80000,0x00000000d7c80000,0x00000000d8780000)
 ParOldGen       total 87552K, used 12809K [0x0000000081600000, 0x0000000086b80000, 0x00000000d5d00000)
  object space 87552K, 14% used [0x0000000081600000,0x0000000082282688,0x0000000086b80000)
 Metaspace       used 20105K, capacity 20682K, committed 20992K, reserved 1067008K
  class space    used 2794K, capacity 2979K, committed 3072K, reserved 1048576K
}
Event: 43.981 GC heap before
{Heap before GC invocations=7 (full 0):
 PSYoungGen      total 43008K, used 40324K [0x00000000d5d00000, 0x00000000d9280000, 0x0000000100000000)
  eden space 32256K, 99% used [0x00000000d5d00000,0x00000000d7c72360,0x00000000d7c80000)
  from space 10752K, 75% used [0x00000000d8780000,0x00000000d8f6efb0,0x00000000d9200000)
  to   space 11264K, 0% used [0x00000000d7c80000,0x00000000d7c80000,0x00000000d8780000)
 ParOldGen       total 87552K, used 12809K [0x0000000081600000, 0x0000000086b80000, 0x00000000d5d00000)
  object space 87552K, 14% used [0x0000000081600000,0x0000000082282688,0x0000000086b80000)
 Metaspace       used 20369K, capacity 20962K, committed 21248K, reserved 1067008K
  class space    used 2809K, capacity 2981K, committed 3072K, reserved 1048576K
Event: 43.988 GC heap after
Heap after GC invocations=7 (full 0):
 PSYoungGen      total 43008K, used 1347K [0x00000000d5d00000, 0x00000000d9300000, 0x0000000100000000)
  eden space 31744K, 0% used [0x00000000d5d00000,0x00000000d5d00000,0x00000000d7c00000)
  from space 11264K, 11% used [0x00000000d7c80000,0x00000000d7dd0cb0,0x00000000d8780000)
  to   space 11776K, 0% used [0x00000000d8780000,0x00000000d8780000,0x00000000d9300000)
 ParOldGen       total 87552K, used 16132K [0x0000000081600000, 0x0000000086b80000, 0x00000000d5d00000)
  object space 87552K, 18% used [0x0000000081600000,0x00000000825c11d0,0x0000000086b80000)
 Metaspace       used 20369K, capacity 20962K, committed 21248K, reserved 1067008K
  class space    used 2809K, capacity 2981K, committed 3072K, reserved 1048576K
}
Event: 48.281 GC heap before
{Heap before GC invocations=8 (full 0):
 PSYoungGen      total 43008K, used 32756K [0x00000000d5d00000, 0x00000000d9300000, 0x0000000100000000)
  eden space 31744K, 98% used [0x00000000d5d00000,0x00000000d7bac580,0x00000000d7c00000)
  from space 11264K, 11% used [0x00000000d7c80000,0x00000000d7dd0cb0,0x00000000d8780000)
  to   space 11776K, 0% used [0x00000000d8780000,0x00000000d8780000,0x00000000d9300000)
 ParOldGen       total 87552K, used 16132K [0x0000000081600000, 0x0000000086b80000, 0x00000000d5d00000)
  object space 87552K, 18% used [0x0000000081600000,0x00000000825c11d0,0x0000000086b80000)
 Metaspace       used 20504K, capacity 21088K, committed 21248K, reserved 1067008K
  class space    used 2828K, capacity 3000K, committed 3072K, reserved 1048576K
Event: 48.284 GC heap after
Heap after GC invocations=8 (full 0):
 PSYoungGen      total 42496K, used 4088K [0x00000000d5d00000, 0x00000000d9280000, 0x0000000100000000)
  eden space 31232K, 0% used [0x00000000d5d00000,0x00000000d5d00000,0x00000000d7b80000)
  from space 11264K, 36% used [0x00000000d8780000,0x00000000d8b7e120,0x00000000d9280000)
  to   space 11776K, 0% used [0x00000000d7b80000,0x00000000d7b80000,0x00000000d8700000)
 ParOldGen       total 87552K, used 16892K [0x0000000081600000, 0x0000000086b80000, 0x00000000d5d00000)
  object space 87552K, 19% used [0x0000000081600000,0x000000008267f240,0x0000000086b80000)
 Metaspace       used 20504K, capacity 21088K, committed 21248K, reserved 1067008K
  class space    used 2828K, capacity 3000K, committed 3072K, reserved 1048576K
}
Event: 131.589 GC heap before
{Heap before GC invocations=9 (full 0):
 PSYoungGen      total 42496K, used 33486K [0x00000000d5d00000, 0x00000000d9280000, 0x0000000100000000)
  eden space 31232K, 94% used [0x00000000d5d00000,0x00000000d79b5948,0x00000000d7b80000)
  from space 11264K, 36% used [0x00000000d8780000,0x00000000d8b7e120,0x00000000d9280000)
  to   space 11776K, 0% used [0x00000000d7b80000,0x00000000d7b80000,0x00000000d8700000)
 ParOldGen       total 87552K, used 16892K [0x0000000081600000, 0x0000000086b80000, 0x00000000d5d00000)
  object space 87552K, 19% used [0x0000000081600000,0x000000008267f240,0x0000000086b80000)
 Metaspace       used 20512K, capacity 21094K, committed 21248K, reserved 1067008K
  class space    used 2829K, capacity 3001K, committed 3072K, reserved 1048576K
Event: 131.592 GC heap after
Heap after GC invocations=9 (full 0):
 PSYoungGen      total 42496K, used 11466K [0x00000000d5d00000, 0x00000000d9500000, 0x0000000100000000)
  eden space 30720K, 0% used [0x00000000d5d00000,0x00000000d5d00000,0x00000000d7b00000)
  from space 11776K, 97% used [0x00000000d7b80000,0x00000000d86b2bd0,0x00000000d8700000)
  to   space 13312K, 0% used [0x00000000d8800000,0x00000000d8800000,0x00000000d9500000)
 ParOldGen       total 87552K, used 16932K [0x0000000081600000, 0x0000000086b80000, 0x00000000d5d00000)
  object space 87552K, 19% used [0x0000000081600000,0x0000000082689240,0x0000000086b80000)
 Metaspace       used 20512K, capacity 21094K, committed 21248K, reserved 1067008K
  class space    used 2829K, capacity 3001K, committed 3072K, reserved 1048576K
}

Deoptimization events (10 events):
Event: 26.010 Thread 0x0000000000959800 Uncommon trap: reason=unhandled action=none pc=0x0000000002f8ab78 method=java.net.URLClassLoader.findClass(Ljava/lang/String;)Ljava/lang/Class; @ 44
Event: 26.010 Thread 0x0000000000959800 Uncommon trap: reason=unhandled action=none pc=0x0000000002f8ab78 method=java.net.URLClassLoader.findClass(Ljava/lang/String;)Ljava/lang/Class; @ 44
Event: 26.011 Thread 0x0000000000959800 Uncommon trap: reason=unhandled action=none pc=0x0000000002f8ab78 method=java.net.URLClassLoader.findClass(Ljava/lang/String;)Ljava/lang/Class; @ 44
Event: 26.011 Thread 0x0000000000959800 Uncommon trap: reason=unhandled action=none pc=0x0000000002f8ab78 method=java.net.URLClassLoader.findClass(Ljava/lang/String;)Ljava/lang/Class; @ 44
Event: 26.012 Thread 0x0000000000959800 Uncommon trap: reason=unhandled action=none pc=0x0000000002f8ab78 method=java.net.URLClassLoader.findClass(Ljava/lang/String;)Ljava/lang/Class; @ 44
Event: 44.017 Thread 0x0000000000959800 Uncommon trap: reason=unhandled action=none pc=0x0000000002f8ab78 method=java.net.URLClassLoader.findClass(Ljava/lang/String;)Ljava/lang/Class; @ 44
Event: 45.993 Thread 0x0000000000959800 Uncommon trap: reason=unstable_if action=reinterpret pc=0x0000000002fdf980 method=com.google.gson.stream.JsonReader.nextQuotedValue(C)Ljava/lang/String; @ 96
Event: 45.999 Thread 0x0000000000959800 Uncommon trap: reason=unhandled action=none pc=0x0000000002f8ab78 method=java.net.URLClassLoader.findClass(Ljava/lang/String;)Ljava/lang/Class; @ 44
Event: 47.835 Thread 0x0000000000959800 Uncommon trap: reason=unhandled action=none pc=0x0000000002f8ab78 method=java.net.URLClassLoader.findClass(Ljava/lang/String;)Ljava/lang/Class; @ 44
Event: 47.835 Thread 0x0000000000959800 Uncommon trap: reason=unhandled action=none pc=0x0000000002f8ab78 method=java.net.URLClassLoader.findClass(Ljava/lang/String;)Ljava/lang/Class; @ 44

Internal exceptions (10 events):
Event: 487.658 Thread 0x0000000000959800 Exception <a 'java/net/SocketTimeoutException': Read timed out> (0x00000000d71e8c60) thrown at [C:\re\workspace\8-2-build-windows-amd64-cygwin\jdk8u141\9370\hotspot\src\share\vm\prims\jni.cpp, line 735]
Event: 487.690 Thread 0x0000000000959800 Exception <a 'java/net/SocketTimeoutException': Read timed out> (0x00000000d71f7f00) thrown at [C:\re\workspace\8-2-build-windows-amd64-cygwin\jdk8u141\9370\hotspot\src\share\vm\prims\jni.cpp, line 735]
Event: 489.717 Thread 0x0000000000959800 Exception <a 'java/net/SocketTimeoutException': Read timed out> (0x00000000d7204b20) thrown at [C:\re\workspace\8-2-build-windows-amd64-cygwin\jdk8u141\9370\hotspot\src\share\vm\prims\jni.cpp, line 735]
Event: 489.748 Thread 0x0000000000959800 Exception <a 'java/net/SocketTimeoutException': Read timed out> (0x00000000d7213b28) thrown at [C:\re\workspace\8-2-build-windows-amd64-cygwin\jdk8u141\9370\hotspot\src\share\vm\prims\jni.cpp, line 735]
Event: 489.779 Thread 0x0000000000959800 Exception <a 'java/net/SocketTimeoutException': Read timed out> (0x00000000d7220f78) thrown at [C:\re\workspace\8-2-build-windows-amd64-cygwin\jdk8u141\9370\hotspot\src\share\vm\prims\jni.cpp, line 735]
Event: 489.811 Thread 0x0000000000959800 Exception <a 'java/net/SocketTimeoutException': Read timed out> (0x00000000d722ff70) thrown at [C:\re\workspace\8-2-build-windows-amd64-cygwin\jdk8u141\9370\hotspot\src\share\vm\prims\jni.cpp, line 735]
Event: 490.154 Thread 0x0000000000959800 Exception <a 'java/net/SocketTimeoutException': Read timed out> (0x00000000d723d860) thrown at [C:\re\workspace\8-2-build-windows-amd64-cygwin\jdk8u141\9370\hotspot\src\share\vm\prims\jni.cpp, line 735]
Event: 490.186 Thread 0x0000000000959800 Exception <a 'java/net/SocketTimeoutException': Read timed out> (0x00000000d724c898) thrown at [C:\re\workspace\8-2-build-windows-amd64-cygwin\jdk8u141\9370\hotspot\src\share\vm\prims\jni.cpp, line 735]
Event: 493.873 Thread 0x0000000000959800 Exception <a 'java/net/SocketTimeoutException': Read timed out> (0x00000000d7259158) thrown at [C:\re\workspace\8-2-build-windows-amd64-cygwin\jdk8u141\9370\hotspot\src\share\vm\prims\jni.cpp, line 735]
Event: 493.874 Thread 0x0000000000959800 Exception <a 'java/net/SocketTimeoutException': Read timed out> (0x00000000d72597e0) thrown at [C:\re\workspace\8-2-build-windows-amd64-cygwin\jdk8u141\9370\hotspot\src\share\vm\prims\jni.cpp, line 735]

Events (10 events):
Event: 512.445 Executing VM operation: GetOrSetLocal done
Event: 512.445 Executing VM operation: GetOrSetLocal
Event: 512.445 Executing VM operation: GetOrSetLocal done
Event: 512.445 Executing VM operation: GetOrSetLocal
Event: 512.445 Executing VM operation: GetOrSetLocal done
Event: 512.445 Executing VM operation: GetOrSetLocal
Event: 512.445 Executing VM operation: GetOrSetLocal done
Event: 517.079 Executing VM operation: RedefineClasses
Event: 517.089 Executing VM operation: RedefineClasses done
Event: 517.095 Executing VM operation: ChangeBreakpoints


Dynamic libraries:
0x00007ff6776c0000 - 0x00007ff6776f7000 	C:\Program Files\Java\jre1.8.0_141\bin\javaw.exe
0x00007ffc220b0000 - 0x00007ffc2228b000 	C:\WINDOWS\SYSTEM32\ntdll.dll
0x00007ffc21ab0000 - 0x00007ffc21b5e000 	C:\WINDOWS\System32\KERNEL32.DLL
0x00007ffc1f3c0000 - 0x00007ffc1f60a000 	C:\WINDOWS\System32\KERNELBASE.dll
0x00007ffc1f7b0000 - 0x00007ffc1f851000 	C:\WINDOWS\System32\ADVAPI32.dll
0x00007ffc21ec0000 - 0x00007ffc21f5d000 	C:\WINDOWS\System32\msvcrt.dll
0x00007ffc1fa40000 - 0x00007ffc1fa99000 	C:\WINDOWS\System32\sechost.dll
0x00007ffc1fef0000 - 0x00007ffc20015000 	C:\WINDOWS\System32\RPCRT4.dll
0x00007ffc21960000 - 0x00007ffc21aaa000 	C:\WINDOWS\System32\USER32.dll
0x00007ffc1ef60000 - 0x00007ffc1ef7e000 	C:\WINDOWS\System32\win32u.dll
0x00007ffc1fe20000 - 0x00007ffc1fe47000 	C:\WINDOWS\System32\GDI32.dll
0x00007ffc1edd0000 - 0x00007ffc1ef58000 	C:\WINDOWS\System32\gdi32full.dll
0x00007ffc1ef80000 - 0x00007ffc1f01a000 	C:\WINDOWS\System32\msvcp_win.dll
0x00007ffc1e5d0000 - 0x00007ffc1e6c6000 	C:\WINDOWS\System32\ucrtbase.dll
0x00007ffc12fc0000 - 0x00007ffc13227000 	C:\WINDOWS\WinSxS\amd64_microsoft.windows.common-controls_6595b64144ccf1df_6.0.15063.1155_none_40c7922129a7722b\COMCTL32.dll
0x00007ffc21bc0000 - 0x00007ffc21eb6000 	C:\WINDOWS\System32\combase.dll
0x00007ffc1f350000 - 0x00007ffc1f3ba000 	C:\WINDOWS\System32\bcryptPrimitives.dll
0x00007ffc1f980000 - 0x00007ffc1f9ad000 	C:\WINDOWS\System32\IMM32.DLL
0x00007ffc1dec0000 - 0x00007ffc1e030000 	C:\Program Files\Avecto\Privilege Guard Client\PGHook.dll
0x00007ffc1dea0000 - 0x00007ffc1deb7000 	C:\WINDOWS\SYSTEM32\CRYPTSP.dll
0x00007ffc1de60000 - 0x00007ffc1de94000 	C:\WINDOWS\system32\rsaenh.dll
0x00007ffc1e0e0000 - 0x00007ffc1e105000 	C:\WINDOWS\SYSTEM32\bcrypt.dll
0x00007ffc1de50000 - 0x00007ffc1de5b000 	C:\WINDOWS\SYSTEM32\CRYPTBASE.dll
0x00007ffc21950000 - 0x00007ffc21958000 	C:\WINDOWS\System32\PSAPI.DLL
0x000000006e500000 - 0x000000006e5d2000 	C:\Program Files\Java\jre1.8.0_141\bin\msvcr100.dll
0x000000006db30000 - 0x000000006e3cd000 	C:\Program Files\Java\jre1.8.0_141\bin\server\jvm.dll
0x00007ffc0f2b0000 - 0x00007ffc0f2b9000 	C:\WINDOWS\SYSTEM32\WSOCK32.dll
0x00007ffc21f60000 - 0x00007ffc21fcc000 	C:\WINDOWS\System32\WS2_32.dll
0x00007ffc1c570000 - 0x00007ffc1c593000 	C:\WINDOWS\SYSTEM32\WINMM.dll
0x00007ffc1d460000 - 0x00007ffc1d46a000 	C:\WINDOWS\SYSTEM32\VERSION.dll
0x00007ffc1c540000 - 0x00007ffc1c56b000 	C:\WINDOWS\SYSTEM32\WINMMBASE.dll
0x00007ffc1f300000 - 0x00007ffc1f349000 	C:\WINDOWS\System32\cfgmgr32.dll
0x000000006db20000 - 0x000000006db2f000 	C:\Program Files\Java\jre1.8.0_141\bin\verify.dll
0x000000006daf0000 - 0x000000006db19000 	C:\Program Files\Java\jre1.8.0_141\bin\java.dll
0x000000006e760000 - 0x000000006e795000 	C:\Program Files\Java\jre1.8.0_141\bin\jdwp.dll
0x000000006e750000 - 0x000000006e758000 	C:\Program Files\Java\jre1.8.0_141\bin\npt.dll
0x000000006dad0000 - 0x000000006dae6000 	C:\Program Files\Java\jre1.8.0_141\bin\zip.dll
0x00007ffc20020000 - 0x00007ffc21458000 	C:\WINDOWS\System32\SHELL32.dll
0x00007ffc21460000 - 0x00007ffc2150a000 	C:\WINDOWS\System32\shcore.dll
0x00007ffc1e6d0000 - 0x00007ffc1edc1000 	C:\WINDOWS\System32\windows.storage.dll
0x00007ffc21b60000 - 0x00007ffc21bb1000 	C:\WINDOWS\System32\shlwapi.dll
0x00007ffc1e5b0000 - 0x00007ffc1e5c1000 	C:\WINDOWS\System32\kernel.appcore.dll
0x00007ffc1e520000 - 0x00007ffc1e56c000 	C:\WINDOWS\System32\powrprof.dll
0x00007ffc1e570000 - 0x00007ffc1e585000 	C:\WINDOWS\System32\profapi.dll
0x000000006e740000 - 0x000000006e749000 	C:\Program Files\Java\jre1.8.0_141\bin\dt_socket.dll
0x00007ffc107f0000 - 0x00007ffc10806000 	C:\WINDOWS\system32\napinsp.dll
0x00007ffc10810000 - 0x00007ffc1082a000 	C:\WINDOWS\system32\pnrpnsp.dll
0x00007ffc1aee0000 - 0x00007ffc1aef8000 	C:\WINDOWS\system32\NLAapi.dll
0x00007ffc1dc20000 - 0x00007ffc1dc7c000 	C:\WINDOWS\System32\mswsock.dll
0x00007ffc1da00000 - 0x00007ffc1daa4000 	C:\WINDOWS\SYSTEM32\DNSAPI.dll
0x00007ffc1f970000 - 0x00007ffc1f978000 	C:\WINDOWS\System32\NSI.dll
0x00007ffc1d9c0000 - 0x00007ffc1d9f7000 	C:\WINDOWS\SYSTEM32\IPHLPAPI.DLL
0x00007ffc10f90000 - 0x00007ffc10f9e000 	C:\WINDOWS\System32\winrnr.dll
0x00007ffc19e40000 - 0x00007ffc19eab000 	C:\WINDOWS\System32\fwpuclnt.dll
0x00007ffc13fe0000 - 0x00007ffc13fea000 	C:\Windows\System32\rasadhlp.dll
0x000000006d4b0000 - 0x000000006d4ca000 	C:\Program Files\Java\jre1.8.0_141\bin\net.dll
0x000000006d460000 - 0x000000006d484000 	C:\Program Files\Java\jre1.8.0_141\bin\sunec.dll
0x00007ffc19770000 - 0x00007ffc19786000 	C:\WINDOWS\SYSTEM32\dhcpcsvc6.DLL
0x00007ffc19730000 - 0x00007ffc1974a000 	C:\WINDOWS\SYSTEM32\dhcpcsvc.DLL
0x000000006d490000 - 0x000000006d4a1000 	C:\Program Files\Java\jre1.8.0_141\bin\nio.dll
0x00007ffc1e420000 - 0x00007ffc1e449000 	C:\WINDOWS\SYSTEM32\USERENV.dll

VM Arguments:
jvm_args: -agentlib:jdwp=transport=dt_socket,suspend=y,address=localhost:54556 -ea -Dfile.encoding=Cp1252 
java_command: org.eclipse.jdt.internal.junit.runner.RemoteTestRunner -version 3 -port 54555 -testLoaderClass org.eclipse.jdt.internal.junit4.runner.JUnit4TestLoader -loaderpluginname org.eclipse.jdt.junit4.runtime -classNames testRunner.TestRun
java_class_path (initial): D:\workspace\OLB_PLATFORM\target\test-classes;D:\workspace\OLB_PLATFORM\target\classes;C:\Users\620915\.m2\repository\com\vimalselvam\cucumber-extentsreport\3.0.1\cucumber-extentsreport-3.0.1.jar;C:\Users\620915\.m2\repository\info\cukes\cucumber-core\1.2.5\cucumber-core-1.2.5.jar;C:\Users\620915\.m2\repository\info\cukes\cucumber-html\0.2.3\cucumber-html-0.2.3.jar;C:\Users\620915\.m2\repository\info\cukes\cucumber-java\1.2.5\cucumber-java-1.2.5.jar;C:\Users\620915\.m2\repository\info\cukes\cucumber-junit\1.2.5\cucumber-junit-1.2.5.jar;C:\Users\620915\.m2\repository\info\cukes\cucumber-jvm-deps\1.0.5\cucumber-jvm-deps-1.0.5.jar;C:\Users\620915\.m2\repository\net\masterthought\cucumber-reporting\3.8.0\cucumber-reporting-3.8.0.jar;C:\Users\620915\.m2\repository\org\apache\logging\log4j\log4j-api\2.6\log4j-api-2.6.jar;C:\Users\620915\.m2\repository\org\apache\logging\log4j\log4j-core\2.6\log4j-core-2.6.jar;C:\Users\620915\.m2\repository\com\fasterxml\jackson\core\jackson-databind\2.8.5\jackson-databind-2.8.5.jar;C:\Users\620915\.m2\repository\com\fasterxml\jackson\core\jackson-annotations\2.8.0\jackson-annotations-2.8.0.jar;C:\Users\620915\.m2\repository\org\apache\velocity\velocity\1.7\velocity-1.7.jar;C:\Users\620915\.m2\repository\commons-collections\commons-collections\3.2.1\commons-collections-3.2.1.jar;C:\Users\620915\.m2\repository\commons-lang\commons-lang\2.4\commons-lang-2.4.jar;C:\Users\620915\.m2\repository\velocity-tools\velocity-tools\1.4\velocity-tools-1.4.jar;C:\Users\620915\.m2\repository\joda-time\joda-time\2.9.6\joda-time-2.9.6.jar;C:\Users\620915\.m2\repository\org\apache\commons\commons-lang3\3.5\commons-lang3-3.5.jar;C:\Users\620915\.m2\repository\commons-io\commons-io\2.5\commons-io-2.5.jar;C:\Users\620915\.m2\repository\net\lingala\zip4j\zip4j\1.3.2\zip4j-1.3.2.jar;C:\Users\620915\.m2\repository\org\codehaus\plexus\plexus-utils\3.0.24\plexus-utils-3.0.24.jar;C:\Users\620915\.m2\repository\com\googlecode\owasp-java-ht
Launcher Type: SUN_STANDARD

Environment Variables:
JAVA_HOME=C:\Program Files\Java\jdk1.8.0_141
PATH=C:/Program Files/Java/jre1.8.0_191/bin/server;C:/Program Files/Java/jre1.8.0_191/bin;C:/Program Files/Java/jre1.8.0_191/lib/amd64;C:\Program Files (x86)\Common Files\Oracle\Java\javapath;C:\ProgramData\Oracle\Java\javapath;C:\WINDOWS\system32;C:\WINDOWS;C:\WINDOWS\System32\Wbem;C:\WINDOWS\System32\WindowsPowerShell\v1.0\;C:\Program Files\Git\cmd;C:\Apache_Maven\bin;C:\Program Files (x86)\MySQL\MySQL Fabric 1.5.4 & MySQL Utilities 1.5.4 1.5\;C:\Program Files (x86)\MySQL\MySQL Fabric 1.5.4 & MySQL Utilities 1.5.4 1.5\Doctrine extensions for PHP\;C:\Program Files\nodejs\;C:\wamp\bin\php\php5.5.12;C:\ProgramData\WebEx\WebEx\Applications;D:\curl-7.61.1-win64-mingw\curl-7.61.1-win64-mingw\bin;C:\Users\620915\AppData\Local\Microsoft\WindowsApps;;D:\kanan backup\D Drive\eclipse-jee-neon-3-win32-x86_64\eclipse;
USERNAME=620915
OS=Windows_NT
PROCESSOR_IDENTIFIER=Intel64 Family 6 Model 94 Stepping 3, GenuineIntel



---------------  S Y S T E M  ---------------

OS: Windows 10.0 , 64 bit Build 15063 (10.0.15063.1058)

CPU:total 4 (initial active 4) (2 cores per cpu, 2 threads per core) family 6 model 94 stepping 3, cmov, cx8, fxsr, mmx, sse, sse2, sse3, ssse3, sse4.1, sse4.2, popcnt, avx, avx2, aes, clmul, erms, 3dnowpref, lzcnt, ht, tsc, tscinvbit, bmi1, bmi2, adx

Memory: 4k page, physical 8295128k(2405428k free), swap 12096216k(4927800k free)

vm_info: Java HotSpot(TM) 64-Bit Server VM (25.141-b15) for windows-amd64 JRE (1.8.0_141-b15), built on Jul 12 2017 04:25:12 by "java_re" with MS VC++ 10.0 (VS2010)

time: Tue Dec 11 16:11:18 2018
elapsed time: 517 seconds (0d 0h 8m 37s)

